#! /usr/bin/vvp
:ivl_version "12.0 (stable)";
:ivl_delay_selection "TYPICAL";
:vpi_time_precision + 0;
:vpi_module "/usr/lib/x86_64-linux-gnu/ivl/system.vpi";
:vpi_module "/usr/lib/x86_64-linux-gnu/ivl/vhdl_sys.vpi";
:vpi_module "/usr/lib/x86_64-linux-gnu/ivl/vhdl_textio.vpi";
:vpi_module "/usr/lib/x86_64-linux-gnu/ivl/v2005_math.vpi";
:vpi_module "/usr/lib/x86_64-linux-gnu/ivl/va_math.vpi";
S_0x62e00c1d0e40 .scope module, "tb_fulladder" "tb_fulladder" 2 1;
 .timescale 0 0;
v0x62e00c1ea380_0 .var "a", 0 0;
v0x62e00c1ea490_0 .var "b", 0 0;
v0x62e00c1ea5a0_0 .var "cin", 0 0;
v0x62e00c1ea690_0 .net "cout_df", 0 0, L_0x62e00c1eae90;  1 drivers
v0x62e00c1ea730_0 .net "cout_gl", 0 0, L_0x62e00c1eb230;  1 drivers
v0x62e00c1ea820_0 .net "sum_df", 0 0, L_0x62e00c1eaa00;  1 drivers
v0x62e00c1ea8c0_0 .net "sum_gl", 0 0, L_0x62e00c1eb010;  1 drivers
S_0x62e00c1d0fd0 .scope module, "uut1" "fulladder_df" 2 6, 3 1 0, S_0x62e00c1d0e40;
 .timescale 0 0;
    .port_info 0 /INPUT 1 "a";
    .port_info 1 /INPUT 1 "b";
    .port_info 2 /INPUT 1 "cin";
    .port_info 3 /OUTPUT 1 "sum";
    .port_info 4 /OUTPUT 1 "cout";
L_0x62e00c1ea960 .functor XOR 1, v0x62e00c1ea380_0, v0x62e00c1ea490_0, C4<0>, C4<0>;
L_0x62e00c1eaa00 .functor XOR 1, L_0x62e00c1ea960, v0x62e00c1ea5a0_0, C4<0>, C4<0>;
L_0x62e00c1eab10 .functor AND 1, v0x62e00c1ea380_0, v0x62e00c1ea490_0, C4<1>, C4<1>;
L_0x62e00c1eac10 .functor AND 1, v0x62e00c1ea490_0, v0x62e00c1ea5a0_0, C4<1>, C4<1>;
L_0x62e00c1ead40 .functor OR 1, L_0x62e00c1eab10, L_0x62e00c1eac10, C4<0>, C4<0>;
L_0x62e00c1eade0 .functor AND 1, v0x62e00c1ea380_0, v0x62e00c1ea5a0_0, C4<1>, C4<1>;
L_0x62e00c1eae90 .functor OR 1, L_0x62e00c1ead40, L_0x62e00c1eade0, C4<0>, C4<0>;
v0x62e00c1d3ae0_0 .net *"_ivl_0", 0 0, L_0x62e00c1ea960;  1 drivers
v0x62e00c1e9380_0 .net *"_ivl_10", 0 0, L_0x62e00c1eade0;  1 drivers
v0x62e00c1e9460_0 .net *"_ivl_4", 0 0, L_0x62e00c1eab10;  1 drivers
v0x62e00c1e9520_0 .net *"_ivl_6", 0 0, L_0x62e00c1eac10;  1 drivers
v0x62e00c1e9600_0 .net *"_ivl_8", 0 0, L_0x62e00c1ead40;  1 drivers
v0x62e00c1e9730_0 .net "a", 0 0, v0x62e00c1ea380_0;  1 drivers
v0x62e00c1e97f0_0 .net "b", 0 0, v0x62e00c1ea490_0;  1 drivers
v0x62e00c1e98b0_0 .net "cin", 0 0, v0x62e00c1ea5a0_0;  1 drivers
v0x62e00c1e9970_0 .net "cout", 0 0, L_0x62e00c1eae90;  alias, 1 drivers
v0x62e00c1e9a30_0 .net "sum", 0 0, L_0x62e00c1eaa00;  alias, 1 drivers
S_0x62e00c1e9b90 .scope module, "uut2" "fulladder_gl" 2 7, 3 6 0, S_0x62e00c1d0e40;
 .timescale 0 0;
    .port_info 0 /INPUT 1 "a";
    .port_info 1 /INPUT 1 "b";
    .port_info 2 /INPUT 1 "cin";
    .port_info 3 /OUTPUT 1 "sum";
    .port_info 4 /OUTPUT 1 "cout";
L_0x62e00c1eafa0 .functor XOR 1, v0x62e00c1ea380_0, v0x62e00c1ea490_0, C4<0>, C4<0>;
L_0x62e00c1eb010 .functor XOR 1, L_0x62e00c1eafa0, v0x62e00c1ea5a0_0, C4<0>, C4<0>;
L_0x62e00c1eb120 .functor AND 1, v0x62e00c1ea380_0, v0x62e00c1ea490_0, C4<1>, C4<1>;
L_0x62e00c1eb190 .functor AND 1, L_0x62e00c1eafa0, v0x62e00c1ea5a0_0, C4<1>, C4<1>;
L_0x62e00c1eb230 .functor OR 1, L_0x62e00c1eb120, L_0x62e00c1eb190, C4<0>, C4<0>;
v0x62e00c1e9d40_0 .net "a", 0 0, v0x62e00c1ea380_0;  alias, 1 drivers
v0x62e00c1e9de0_0 .net "b", 0 0, v0x62e00c1ea490_0;  alias, 1 drivers
v0x62e00c1e9e80_0 .net "cin", 0 0, v0x62e00c1ea5a0_0;  alias, 1 drivers
v0x62e00c1e9f50_0 .net "cout", 0 0, L_0x62e00c1eb230;  alias, 1 drivers
v0x62e00c1e9ff0_0 .net "sum", 0 0, L_0x62e00c1eb010;  alias, 1 drivers
v0x62e00c1ea0e0_0 .net "x", 0 0, L_0x62e00c1eafa0;  1 drivers
v0x62e00c1ea180_0 .net "y", 0 0, L_0x62e00c1eb120;  1 drivers
v0x62e00c1ea220_0 .net "z", 0 0, L_0x62e00c1eb190;  1 drivers
    .scope S_0x62e00c1d0e40;
T_0 ;
    %vpi_call 2 10 "$display", "OUTPUT" {0 0 0};
    %vpi_call 2 11 "$monitor", "a=%b b=%b cin=%b sum_df=%b cout_df=%b sum_gl=%b cout_gl=%b", v0x62e00c1ea380_0, v0x62e00c1ea490_0, v0x62e00c1ea5a0_0, v0x62e00c1ea820_0, v0x62e00c1ea690_0, v0x62e00c1ea8c0_0, v0x62e00c1ea730_0 {0 0 0};
    %pushi/vec4 0, 0, 1;
    %store/vec4 v0x62e00c1ea5a0_0, 0, 1;
    %pushi/vec4 0, 0, 1;
    %store/vec4 v0x62e00c1ea380_0, 0, 1;
    %pushi/vec4 0, 0, 1;
    %store/vec4 v0x62e00c1ea490_0, 0, 1;
    %delay 10, 0;
    %pushi/vec4 0, 0, 1;
    %store/vec4 v0x62e00c1ea380_0, 0, 1;
    %pushi/vec4 1, 0, 1;
    %store/vec4 v0x62e00c1ea490_0, 0, 1;
    %delay 10, 0;
    %pushi/vec4 1, 0, 1;
    %store/vec4 v0x62e00c1ea380_0, 0, 1;
    %pushi/vec4 0, 0, 1;
    %store/vec4 v0x62e00c1ea490_0, 0, 1;
    %delay 10, 0;
    %pushi/vec4 1, 0, 1;
    %store/vec4 v0x62e00c1ea380_0, 0, 1;
    %pushi/vec4 1, 0, 1;
    %store/vec4 v0x62e00c1ea490_0, 0, 1;
    %delay 10, 0;
    %vpi_call 2 17 "$finish" {0 0 0};
    %end;
    .thread T_0;
# The file index is used to find the file name in the following table.
:file_names 4;
    "N/A";
    "<interactive>";
    "tb/tb_full_adder.v";
    "src/full_adder.v";
